[2025-03-20 16:08:06] laravel.EMERGENCY: Unable to create configured logger. Using emergency logger. {"exception":"[object] (InvalidArgumentException(code: 0): A stream must either be a resource or a string. at /home/runner/work/core/core/package/liman/server/vendor/monolog/monolog/src/Monolog/Handler/StreamHandler.php:74)
[stacktrace]
#0 /home/runner/work/core/core/package/liman/server/vendor/laravel/framework/src/Illuminate/Log/LogManager.php(295): Monolog\\Handler\\StreamHandler->__construct()
#1 /home/runner/work/core/core/package/liman/server/vendor/laravel/framework/src/Illuminate/Log/LogManager.php(222): Illuminate\\Log\\LogManager->createSingleDriver()
#2 /home/runner/work/core/core/package/liman/server/vendor/laravel/framework/src/Illuminate/Log/LogManager.php(137): Illuminate\\Log\\LogManager->resolve()
#3 /home/runner/work/core/core/package/liman/server/vendor/laravel/framework/src/Illuminate/Log/LogManager.php(124): Illuminate\\Log\\LogManager->get()
#4 /home/runner/work/core/core/package/liman/server/vendor/laravel/framework/src/Illuminate/Log/LogManager.php(681): Illuminate\\Log\\LogManager->driver()
#5 /home/runner/work/core/core/package/liman/server/vendor/laravel/framework/src/Illuminate/Foundation/Exceptions/Handler.php(317): Illuminate\\Log\\LogManager->error()
#6 /home/runner/work/core/core/package/liman/server/vendor/laravel/framework/src/Illuminate/Foundation/Exceptions/Handler.php(278): Illuminate\\Foundation\\Exceptions\\Handler->reportThrowable()
#7 /home/runner/work/core/core/package/liman/server/vendor/laravel/framework/src/Illuminate/Foundation/Console/Kernel.php(523): Illuminate\\Foundation\\Exceptions\\Handler->report()
#8 /home/runner/work/core/core/package/liman/server/vendor/laravel/framework/src/Illuminate/Foundation/Console/Kernel.php(203): Illuminate\\Foundation\\Console\\Kernel->reportException()
#9 /home/runner/work/core/core/package/liman/server/artisan(37): Illuminate\\Foundation\\Console\\Kernel->handle()
#10 {main}
"} 
[2025-03-20 16:08:06] laravel.ERROR: Pusher\Pusher::__construct(): Argument #2 ($secret) must be of type string, null given, called in /home/runner/work/core/core/package/liman/server/vendor/laravel/framework/src/Illuminate/Broadcasting/BroadcastManager.php on line 313 {"exception":"[object] (TypeError(code: 0): Pusher\\Pusher::__construct(): Argument #2 ($secret) must be of type string, null given, called in /home/runner/work/core/core/package/liman/server/vendor/laravel/framework/src/Illuminate/Broadcasting/BroadcastManager.php on line 313 at /home/runner/work/core/core/package/liman/server/vendor/pusher/pusher-php-server/src/Pusher.php:63)
[stacktrace]
#0 /home/runner/work/core/core/package/liman/server/vendor/laravel/framework/src/Illuminate/Broadcasting/BroadcastManager.php(313): Pusher\\Pusher->__construct()
#1 /home/runner/work/core/core/package/liman/server/vendor/laravel/framework/src/Illuminate/Broadcasting/BroadcastManager.php(295): Illuminate\\Broadcasting\\BroadcastManager->pusher()
#2 /home/runner/work/core/core/package/liman/server/vendor/laravel/framework/src/Illuminate/Broadcasting/BroadcastManager.php(262): Illuminate\\Broadcasting\\BroadcastManager->createPusherDriver()
#3 /home/runner/work/core/core/package/liman/server/vendor/laravel/framework/src/Illuminate/Broadcasting/BroadcastManager.php(233): Illuminate\\Broadcasting\\BroadcastManager->resolve()
#4 /home/runner/work/core/core/package/liman/server/vendor/laravel/framework/src/Illuminate/Broadcasting/BroadcastManager.php(222): Illuminate\\Broadcasting\\BroadcastManager->get()
#5 /home/runner/work/core/core/package/liman/server/vendor/laravel/framework/src/Illuminate/Broadcasting/BroadcastManager.php(490): Illuminate\\Broadcasting\\BroadcastManager->driver()
#6 /home/runner/work/core/core/package/liman/server/vendor/laravel/framework/src/Illuminate/Support/Facades/Facade.php(355): Illuminate\\Broadcasting\\BroadcastManager->__call()
#7 /home/runner/work/core/core/package/liman/server/routes/channels.php(18): Illuminate\\Support\\Facades\\Facade::__callStatic()
#8 /home/runner/work/core/core/package/liman/server/app/Providers/BroadcastServiceProvider.php(27): require('...')
#9 /home/runner/work/core/core/package/liman/server/vendor/laravel/framework/src/Illuminate/Container/BoundMethod.php(36): App\\Providers\\BroadcastServiceProvider->boot()
#10 /home/runner/work/core/core/package/liman/server/vendor/laravel/framework/src/Illuminate/Container/Util.php(41): Illuminate\\Container\\BoundMethod::Illuminate\\Container\\{closure}()
#11 /home/runner/work/core/core/package/liman/server/vendor/laravel/framework/src/Illuminate/Container/BoundMethod.php(93): Illuminate\\Container\\Util::unwrapIfClosure()
#12 /home/runner/work/core/core/package/liman/server/vendor/laravel/framework/src/Illuminate/Container/BoundMethod.php(37): Illuminate\\Container\\BoundMethod::callBoundMethod()
#13 /home/runner/work/core/core/package/liman/server/vendor/laravel/framework/src/Illuminate/Container/Container.php(662): Illuminate\\Container\\BoundMethod::call()
#14 /home/runner/work/core/core/package/liman/server/vendor/laravel/framework/src/Illuminate/Foundation/Application.php(1036): Illuminate\\Container\\Container->call()
#15 /home/runner/work/core/core/package/liman/server/vendor/laravel/framework/src/Illuminate/Foundation/Application.php(1017): Illuminate\\Foundation\\Application->bootProvider()
#16 [internal function]: Illuminate\\Foundation\\Application->Illuminate\\Foundation\\{closure}()
#17 /home/runner/work/core/core/package/liman/server/vendor/laravel/framework/src/Illuminate/Foundation/Application.php(1018): array_walk()
#18 /home/runner/work/core/core/package/liman/server/vendor/laravel/framework/src/Illuminate/Foundation/Bootstrap/BootProviders.php(17): Illuminate\\Foundation\\Application->boot()
#19 /home/runner/work/core/core/package/liman/server/vendor/laravel/framework/src/Illuminate/Foundation/Application.php(263): Illuminate\\Foundation\\Bootstrap\\BootProviders->bootstrap()
#20 /home/runner/work/core/core/package/liman/server/vendor/laravel/framework/src/Illuminate/Foundation/Console/Kernel.php(447): Illuminate\\Foundation\\Application->bootstrapWith()
#21 /home/runner/work/core/core/package/liman/server/vendor/laravel/framework/src/Illuminate/Foundation/Console/Kernel.php(199): Illuminate\\Foundation\\Console\\Kernel->bootstrap()
#22 /home/runner/work/core/core/package/liman/server/artisan(37): Illuminate\\Foundation\\Console\\Kernel->handle()
#23 {main}
"} 
